<?xml version="1.0" encoding="UTF-8"?>
<!-- Generated by org.testng.reporters.JUnitReportReporter -->
<testsuite hostname="DESKTOP-LA6D90A" failures="0" tests="1" name="autoframe_testScript.TC003" time="11.669" errors="0" timestamp="2023-02-03T07:42:52 IST" skipped="0">
  <testcase classname="autoframe_testScript.TC003" name="tcc003" time="11.669"/>
  <system-out/>
</testsuite> <!-- autoframe_testScript.TC003 -->
