<?xml version="1.0" encoding="UTF-8"?>
<!-- Generated by org.testng.reporters.JUnitReportReporter -->
<testsuite hostname="DESKTOP-LA6D90A" failures="0" tests="1" name="autoframe_testScript.TC002" time="82.944" errors="0" timestamp="2023-02-03T07:42:52 IST" skipped="0">
  <testcase classname="autoframe_testScript.TC002" name="tc002" time="82.944"/>
  <system-out/>
</testsuite> <!-- autoframe_testScript.TC002 -->
